KeepAliveLib/build/outputs/logs/manifest-merger-debug-report.txt
-- Merging decision tree log ---
manifest
ADDED from src\main\AndroidManifest.xml:2:1-20:12
INJECTED from src\main\AndroidManifest.xml:2:1-20:12
INJECTED from src\main\AndroidManifest.xml:2:1-20:12
INJECTED from src\main\AndroidManifest.xml:2:1-20:12
INJECTED from src\main\AndroidManifest.xml:2:1-20:12
INJECTED from src\main\AndroidManifest.xml:2:1-20:12
INJECTED from src\main\AndroidManifest.xml:2:1-20:12
	package
		ADDED from src\main\AndroidManifest.xml:3:5-34
		INJECTED from src\main\AndroidManifest.xml
		INJECTED from src\main\AndroidManifest.xml
	android:versionName
		INJECTED from src\main\AndroidManifest.xml
		ADDED from src\main\AndroidManifest.xml:2:1-20:12
		INJECTED from src\main\AndroidManifest.xml
	android:versionCode
		INJECTED from src\main\AndroidManifest.xml
		ADDED from src\main\AndroidManifest.xml:2:1-20:12
		INJECTED from src\main\AndroidManifest.xml
	xmlns:android
		ADDED from src\main\AndroidManifest.xml:2:11-69
application
ADDED from src\main\AndroidManifest.xml:4:5-19:19
	android:supportsRtl
		ADDED from src\main\AndroidManifest.xml:7:9-35
	android:label
		ADDED from src\main\AndroidManifest.xml:6:9-41
	android:allowBackup
		ADDED from src\main\AndroidManifest.xml:5:9-35
service#com.carmelo.library.KeepLiveManager$GrayInnerService
ADDED from src\main\AndroidManifest.xml:9:9-10:38
	android:process
		ADDED from src\main\AndroidManifest.xml:10:13-36
	android:name
		ADDED from src\main\AndroidManifest.xml:9:18-66
activity#com.carmelo.library.PixelActivity
ADDED from src\main\AndroidManifest.xml:12:9-18:50
	android:process
		ADDED from src\main\AndroidManifest.xml:13:13-36
	android:excludeFromRecents
		ADDED from src\main\AndroidManifest.xml:15:13-46
	android:launchMode
		ADDED from src\main\AndroidManifest.xml:18:13-48
	android:exported
		ADDED from src\main\AndroidManifest.xml:16:13-37
	android:theme
		ADDED from src\main\AndroidManifest.xml:14:13-53
	android:finishOnTaskLaunch
		ADDED from src\main\AndroidManifest.xml:17:13-47
	android:name
		ADDED from src\main\AndroidManifest.xml:12:19-48
uses-sdk
INJECTED from src\main\AndroidManifest.xml reason: use-sdk injection requested
INJECTED from src\main\AndroidManifest.xml
INJECTED from src\main\AndroidManifest.xml
INJECTED from src\main\AndroidManifest.xml
INJECTED from src\main\AndroidManifest.xml
	android:targetSdkVersion
		INJECTED from src\main\AndroidManifest.xml
		ADDED from src\main\AndroidManifest.xml
		INJECTED from src\main\AndroidManifest.xml
	android:minSdkVersion
		INJECTED from src\main\AndroidManifest.xml
		ADDED from src\main\AndroidManifest.xml
		INJECTED from src\main\AndroidManifest.xml